0 info it worked if it ends with ok
1 verbose cli [ '/usr/bin/node', '/usr/bin/npm', 'install', 'sass' ]
2 info using npm@2.15.1
3 info using node@v0.10.45
4 verbose node symlink /usr/bin/node
5 verbose install initial load of /var/www/curso-front/package.json
6 verbose stack Error: Failed to parse json
6 verbose stack Unexpected token '<' at 2:1
6 verbose stack <<<<<<< HEAD
6 verbose stack ^
6 verbose stack     at parseError (/usr/lib/node_modules/npm/node_modules/read-package-json/read-json.js:379:11)
6 verbose stack     at parseJson (/usr/lib/node_modules/npm/node_modules/read-package-json/read-json.js:68:23)
6 verbose stack     at /usr/lib/node_modules/npm/node_modules/read-package-json/read-json.js:48:5
6 verbose stack     at /usr/lib/node_modules/npm/node_modules/graceful-fs/graceful-fs.js:78:16
6 verbose stack     at fs.js:272:14
6 verbose stack     at /usr/lib/node_modules/npm/node_modules/graceful-fs/graceful-fs.js:43:10
6 verbose stack     at Object.oncomplete (fs.js:108:15)
7 verbose cwd /var/www/curso-front
8 error Linux 3.16.0-4-amd64
9 error argv "/usr/bin/node" "/usr/bin/npm" "install" "sass"
10 error node v0.10.45
11 error npm  v2.15.1
12 error file /var/www/curso-front/package.json
13 error code EJSONPARSE
14 error Failed to parse json
14 error Unexpected token '<' at 2:1
14 error <<<<<<< HEAD
14 error ^
15 error File: /var/www/curso-front/package.json
16 error Failed to parse package.json data.
16 error package.json must be actual JSON, not just JavaScript.
16 error
16 error This is not a bug in npm.
16 error Tell the package author to fix their package.json file. JSON.parse
17 verbose exit [ 1, true ]
